===============================================================
Gobuster v3.1.0
by OJ Reeves (@TheColonial) & Christian Mehlmauer (@firefart)
===============================================================
[+] Url:                     http://10.10.115.219/
[+] Method:                  GET
[+] Threads:                 70
[+] Wordlist:                /usr/share/wordlists/dirb/common.txt
[+] Negative Status codes:   404
[+] User Agent:              gobuster/3.1.0
[+] Extensions:              js,css,php,html,txt
[+] Timeout:                 10s
===============================================================
2021/08/05 20:00:49 Starting gobuster in directory enumeration mode
===============================================================
/assets               (Status: 301) [Size: 179] [--> /assets/]
/css                  (Status: 301) [Size: 173] [--> /css/]   
/Home                 (Status: 302) [Size: 23] [--> /]        
/home                 (Status: 302) [Size: 23] [--> /]        
/img                  (Status: 301) [Size: 173] [--> /img/]   
/js                   (Status: 301) [Size: 171] [--> /js/]    
/logout               (Status: 302) [Size: 29] [--> /portal]  
