/.htaccess            (Status: 403) [Size: 211]
/.htpasswd            (Status: 403) [Size: 211]
/.hta.html            (Status: 403) [Size: 211]
/.htpasswd.html       (Status: 403) [Size: 216]
/.htaccess.js         (Status: 403) [Size: 214]
/.hta.php             (Status: 403) [Size: 210]
/.htaccess.txt        (Status: 403) [Size: 215]
/.htpasswd.php        (Status: 403) [Size: 215]
/.hta.js              (Status: 403) [Size: 209]
/.hta.txt             (Status: 403) [Size: 210]
/.htaccess.html       (Status: 403) [Size: 216]
/.htpasswd.js         (Status: 403) [Size: 214]
/.hta                 (Status: 403) [Size: 206]
/.htpasswd.txt        (Status: 403) [Size: 215]
/.htaccess.php        (Status: 403) [Size: 215]
/cgi-bin/             (Status: 403) [Size: 210]
/cgi-bin/.html        (Status: 403) [Size: 215]
/flag                 (Status: 301) [Size: 234] [--> http://10.10.171.110/flag/]
/index.html           (Status: 200) [Size: 230]
/index.html           (Status: 200) [Size: 230]
/robots.txt           (Status: 200) [Size: 10]
/robots.txt           (Status: 200) [Size: 10]
/wordpress            (Status: 301) [Size: 239] [--> http://10.10.171.110/wordpress/]
