Starting enum4linux v0.8.9 ( http://labs.portcullis.co.uk/application/enum4linux/ ) on Mon Jul 26 11:55:26 2021

 ========================== 
|    Target Information    |
 ========================== 
Target ........... 10.10.78.233
RID Range ........ 500-550,1000-1050
Username ......... ''
Password ......... ''
Known Usernames .. administrator, guest, krbtgt, domain admins, root, bin, none


 ==================================================== 
|    Enumerating Workgroup/Domain on 10.10.78.233    |
 ==================================================== 
[+] Got domain/workgroup name: WORKGROUP

 ===================================== 
|    Session Check on 10.10.78.233    |
 ===================================== 
[+] Server 10.10.78.233 allows sessions using username '', password ''

 =========================================== 
|    Getting domain SID for 10.10.78.233    |
 =========================================== 
Domain Name: WORKGROUP
Domain Sid: (NULL SID)
[+] Can't determine if host is part of domain or part of a workgroup

 ============================= 
|    Users on 10.10.78.233    |
 ============================= 


 ========================================= 
|    Share Enumeration on 10.10.78.233    |
 ========================================= 

	Sharename       Type      Comment
	---------       ----      -------
	netlogon        Disk      Network Logon Service
	profiles        Disk      Users profiles
	print$          Disk      Printer Drivers
	IPC$            IPC       IPC Service (polosmb server (Samba, Ubuntu))
SMB1 disabled -- no workgroup available

[+] Attempting to map shares on 10.10.78.233
//10.10.78.233/netlogon	[E] Can't understand response:
tree connect failed: NT_STATUS_BAD_NETWORK_NAME
//10.10.78.233/profiles	Mapping: OK, Listing: OK
//10.10.78.233/print$	Mapping: DENIED, Listing: N/A
//10.10.78.233/IPC$	[E] Can't understand response:
NT_STATUS_OBJECT_NAME_NOT_FOUND listing \*

 ==================================================== 
|    Password Policy Information for 10.10.78.233    |
 ==================================================== 


[+] Attaching to 10.10.78.233 using a NULL share

[+] Trying protocol 139/SMB...

[+] Found domain(s):

	[+] POLOSMB
	[+] Builtin

[+] Password Info for Domain: POLOSMB

	[+] Minimum password length: 5
	[+] Password history length: None
	[+] Maximum password age: 37 days 6 hours 21 minutes 
	[+] Password Complexity Flags: 000000

		[+] Domain Refuse Password Change: 0
		[+] Domain Password Store Cleartext: 0
		[+] Domain Password Lockout Admins: 0
		[+] Domain Password No Clear Change: 0
		[+] Domain Password No Anon Change: 0
		[+] Domain Password Complex: 0

	[+] Minimum password age: None
	[+] Reset Account Lockout Counter: 30 minutes 
	[+] Locked Account Duration: 30 minutes 
	[+] Account Lockout Threshold: None
	[+] Forced Log off Time: 37 days 6 hours 21 minutes 


[+] Retieved partial password policy with rpcclient:

Password Complexity: Disabled
Minimum Password Length: 5

enum4linux complete on Mon Jul 26 11:56:04 2021

