Starting enum4linux v0.8.9 ( http://labs.portcullis.co.uk/application/enum4linux/ ) on Mon Jul 26 11:53:35 2021

 ========================== 
|    Target Information    |
 ========================== 
Target ........... 10.10.78.233
RID Range ........ 500-550,1000-1050
Username ......... ''
Password ......... ''
Known Usernames .. administrator, guest, krbtgt, domain admins, root, bin, none


 ==================================================== 
|    Enumerating Workgroup/Domain on 10.10.78.233    |
 ==================================================== 
[+] Got domain/workgroup name: WORKGROUP

 ============================================ 
|    Nbtstat Information for 10.10.78.233    |
 ============================================ 
Looking up status of 10.10.78.233
	POLOSMB         <00> -         B <ACTIVE>  Workstation Service
	POLOSMB         <03> -         B <ACTIVE>  Messenger Service
	POLOSMB         <20> -         B <ACTIVE>  File Server Service
	..__MSBROWSE__. <01> - <GROUP> B <ACTIVE>  Master Browser
	WORKGROUP       <00> - <GROUP> B <ACTIVE>  Domain/Workgroup Name
	WORKGROUP       <1d> -         B <ACTIVE>  Master Browser
	WORKGROUP       <1e> - <GROUP> B <ACTIVE>  Browser Service Elections

	MAC Address = 00-00-00-00-00-00

 ===================================== 
|    Session Check on 10.10.78.233    |
 ===================================== 
[+] Server 10.10.78.233 allows sessions using username '', password ''

 =========================================== 
|    Getting domain SID for 10.10.78.233    |
 =========================================== 
Domain Name: WORKGROUP
Domain Sid: (NULL SID)
[+] Can't determine if host is part of domain or part of a workgroup

 ====================================== 
|    OS information on 10.10.78.233    |
 ====================================== 
[+] Got OS info for 10.10.78.233 from smbclient: 
[+] Got OS info for 10.10.78.233 from srvinfo:
	POLOSMB        Wk Sv PrQ Unx NT SNT polosmb server (Samba, Ubuntu)
	platform_id     :	500
	os version      :	6.1
	server type     :	0x809a03

 ============================= 
|    Users on 10.10.78.233    |
 ============================= 


 ========================================= 
|    Share Enumeration on 10.10.78.233    |
 ========================================= 

	Sharename       Type      Comment
	---------       ----      -------
	netlogon        Disk      Network Logon Service
	profiles        Disk      Users profiles
	print$          Disk      Printer Drivers
	IPC$            IPC       IPC Service (polosmb server (Samba, Ubuntu))
SMB1 disabled -- no workgroup available

[+] Attempting to map shares on 10.10.78.233
//10.10.78.233/netlogon	[E] Can't understand response:
tree connect failed: NT_STATUS_BAD_NETWORK_NAME
//10.10.78.233/profiles	Mapping: OK, Listing: OK
//10.10.78.233/print$	Mapping: DENIED, Listing: N/A
//10.10.78.233/IPC$	[E] Can't understand response:
NT_STATUS_OBJECT_NAME_NOT_FOUND listing \*

 ==================================================== 
|    Password Policy Information for 10.10.78.233    |
 ==================================================== 


[+] Attaching to 10.10.78.233 using a NULL share

[+] Trying protocol 139/SMB...

[+] Found domain(s):

	[+] POLOSMB
	[+] Builtin

[+] Password Info for Domain: POLOSMB

	[+] Minimum password length: 5
	[+] Password history length: None
	[+] Maximum password age: 37 days 6 hours 21 minutes 
	[+] Password Complexity Flags: 000000

		[+] Domain Refuse Password Change: 0
		[+] Domain Password Store Cleartext: 0
		[+] Domain Password Lockout Admins: 0
		[+] Domain Password No Clear Change: 0
		[+] Domain Password No Anon Change: 0
		[+] Domain Password Complex: 0

	[+] Minimum password age: None
	[+] Reset Account Lockout Counter: 30 minutes 
	[+] Locked Account Duration: 30 minutes 
	[+] Account Lockout Threshold: None
	[+] Forced Log off Time: 37 days 6 hours 21 minutes 


[+] Retieved partial password policy with rpcclient:

Password Complexity: Disabled
Minimum Password Length: 5


 ============================== 
|    Groups on 10.10.78.233    |
 ============================== 

[+] Getting builtin groups:

[+] Getting builtin group memberships:

[+] Getting local groups:

[+] Getting local group memberships:

[+] Getting domain groups:

[+] Getting domain group memberships:

 ======================================================================= 
|    Users on 10.10.78.233 via RID cycling (RIDS: 500-550,1000-1050)    |
 ======================================================================= 
[I] Found new SID: S-1-22-1
[I] Found new SID: S-1-5-21-434125608-3964652802-3194254534
[I] Found new SID: S-1-5-32
[+] Enumerating users using SID S-1-22-1 and logon username '', password ''
