Starting enum4linux v0.8.9 ( http://labs.portcullis.co.uk/application/enum4linux/ ) on Sat Aug  7 13:17:09 2021

 ========================== 
|    Target Information    |
 ========================== 
Target ........... 10.10.123.44
RID Range ........ 500-550,1000-1050
Username ......... ''
Password ......... ''
Known Usernames .. administrator, guest, krbtgt, domain admins, root, bin, none


 ==================================================== 
|    Enumerating Workgroup/Domain on 10.10.123.44    |
 ==================================================== 
[+] Got domain/workgroup name: WORKGROUP

 ============================================ 
|    Nbtstat Information for 10.10.123.44    |
 ============================================ 
Looking up status of 10.10.123.44
	THM_EXPLOIT     <00> -         B <ACTIVE>  Workstation Service
	THM_EXPLOIT     <03> -         B <ACTIVE>  Messenger Service
	THM_EXPLOIT     <20> -         B <ACTIVE>  File Server Service
	..__MSBROWSE__. <01> - <GROUP> B <ACTIVE>  Master Browser
	WORKGROUP       <00> - <GROUP> B <ACTIVE>  Domain/Workgroup Name
	WORKGROUP       <1d> -         B <ACTIVE>  Master Browser
	WORKGROUP       <1e> - <GROUP> B <ACTIVE>  Browser Service Elections

	MAC Address = 00-00-00-00-00-00

 ===================================== 
|    Session Check on 10.10.123.44    |
 ===================================== 
[+] Server 10.10.123.44 allows sessions using username '', password ''

 =========================================== 
|    Getting domain SID for 10.10.123.44    |
 =========================================== 
Domain Name: WORKGROUP
Domain Sid: (NULL SID)
[+] Can't determine if host is part of domain or part of a workgroup

 ====================================== 
|    OS information on 10.10.123.44    |
 ====================================== 
[+] Got OS info for 10.10.123.44 from smbclient: 
[+] Got OS info for 10.10.123.44 from srvinfo:
	THM_EXPLOIT    Wk Sv PrQ Unx NT SNT THM_exploit server (Samba, Ubuntu)
	platform_id     :	500
	os version      :	6.1
	server type     :	0x809a03

 ============================= 
|    Users on 10.10.123.44    |
 ============================= 


 ========================================= 
|    Share Enumeration on 10.10.123.44    |
 ========================================= 

	Sharename       Type      Comment
	---------       ----      -------
	print$          Disk      Printer Drivers
	IPC$            IPC       IPC Service (THM_exploit server (Samba, Ubuntu))
SMB1 disabled -- no workgroup available

[+] Attempting to map shares on 10.10.123.44
//10.10.123.44/print$	Mapping: DENIED, Listing: N/A
//10.10.123.44/IPC$	[E] Can't understand response:
NT_STATUS_OBJECT_NAME_NOT_FOUND listing \*

 ==================================================== 
|    Password Policy Information for 10.10.123.44    |
 ==================================================== 


[+] Attaching to 10.10.123.44 using a NULL share

[+] Trying protocol 139/SMB...

[+] Found domain(s):

	[+] THM_EXPLOIT
	[+] Builtin

[+] Password Info for Domain: THM_EXPLOIT

	[+] Minimum password length: 5
	[+] Password history length: None
	[+] Maximum password age: 37 days 6 hours 21 minutes 
	[+] Password Complexity Flags: 000000

		[+] Domain Refuse Password Change: 0
		[+] Domain Password Store Cleartext: 0
		[+] Domain Password Lockout Admins: 0
		[+] Domain Password No Clear Change: 0
		[+] Domain Password No Anon Change: 0
		[+] Domain Password Complex: 0

	[+] Minimum password age: None
	[+] Reset Account Lockout Counter: 30 minutes 
	[+] Locked Account Duration: 30 minutes 
	[+] Account Lockout Threshold: None
	[+] Forced Log off Time: 37 days 6 hours 21 minutes 


[+] Retieved partial password policy with rpcclient:

Password Complexity: Disabled
Minimum Password Length: 5


 ============================== 
|    Groups on 10.10.123.44    |
 ============================== 

[+] Getting builtin groups:

[+] Getting builtin group memberships:

[+] Getting local groups:

[+] Getting local group memberships:

[+] Getting domain groups:

[+] Getting domain group memberships:

 ======================================================================= 
|    Users on 10.10.123.44 via RID cycling (RIDS: 500-550,1000-1050)    |
 ======================================================================= 
[I] Found new SID: S-1-22-1
[I] Found new SID: S-1-5-21-2007993849-1719925537-2372789573
[I] Found new SID: S-1-5-32
[+] Enumerating users using SID S-1-22-1 and logon username '', password ''
S-1-22-1-1000 Unix User\kel (Local User)
S-1-22-1-1001 Unix User\des (Local User)
S-1-22-1-1002 Unix User\tryhackme (Local User)
S-1-22-1-1003 Unix User\noentry (Local User)
[+] Enumerating users using SID S-1-5-32 and logon username '', password ''
S-1-5-32-500 *unknown*\*unknown* (8)
S-1-5-32-501 *unknown*\*unknown* (8)
S-1-5-32-502 *unknown*\*unknown* (8)
S-1-5-32-503 *unknown*\*unknown* (8)
S-1-5-32-504 *unknown*\*unknown* (8)
S-1-5-32-505 *unknown*\*unknown* (8)
S-1-5-32-506 *unknown*\*unknown* (8)
S-1-5-32-507 *unknown*\*unknown* (8)
S-1-5-32-508 *unknown*\*unknown* (8)
S-1-5-32-509 *unknown*\*unknown* (8)
S-1-5-32-510 *unknown*\*unknown* (8)
S-1-5-32-511 *unknown*\*unknown* (8)
S-1-5-32-512 *unknown*\*unknown* (8)
S-1-5-32-513 *unknown*\*unknown* (8)
S-1-5-32-514 *unknown*\*unknown* (8)
S-1-5-32-515 *unknown*\*unknown* (8)
S-1-5-32-516 *unknown*\*unknown* (8)
S-1-5-32-517 *unknown*\*unknown* (8)
S-1-5-32-518 *unknown*\*unknown* (8)
S-1-5-32-519 *unknown*\*unknown* (8)
S-1-5-32-520 *unknown*\*unknown* (8)
S-1-5-32-521 *unknown*\*unknown* (8)
S-1-5-32-522 *unknown*\*unknown* (8)
S-1-5-32-523 *unknown*\*unknown* (8)
S-1-5-32-524 *unknown*\*unknown* (8)
S-1-5-32-525 *unknown*\*unknown* (8)
S-1-5-32-526 *unknown*\*unknown* (8)
S-1-5-32-527 *unknown*\*unknown* (8)
S-1-5-32-528 *unknown*\*unknown* (8)
S-1-5-32-529 *unknown*\*unknown* (8)
S-1-5-32-530 *unknown*\*unknown* (8)
S-1-5-32-531 *unknown*\*unknown* (8)
S-1-5-32-532 *unknown*\*unknown* (8)
S-1-5-32-533 *unknown*\*unknown* (8)
S-1-5-32-534 *unknown*\*unknown* (8)
S-1-5-32-535 *unknown*\*unknown* (8)
S-1-5-32-536 *unknown*\*unknown* (8)
S-1-5-32-537 *unknown*\*unknown* (8)
S-1-5-32-538 *unknown*\*unknown* (8)
S-1-5-32-539 *unknown*\*unknown* (8)
S-1-5-32-540 *unknown*\*unknown* (8)
S-1-5-32-541 *unknown*\*unknown* (8)
S-1-5-32-542 *unknown*\*unknown* (8)
S-1-5-32-543 *unknown*\*unknown* (8)
S-1-5-32-544 BUILTIN\Administrators (Local Group)
S-1-5-32-545 BUILTIN\Users (Local Group)
S-1-5-32-546 BUILTIN\Guests (Local Group)
S-1-5-32-547 BUILTIN\Power Users (Local Group)
S-1-5-32-548 BUILTIN\Account Operators (Local Group)
S-1-5-32-549 BUILTIN\Server Operators (Local Group)
S-1-5-32-550 BUILTIN\Print Operators (Local Group)
S-1-5-32-1000 *unknown*\*unknown* (8)
S-1-5-32-1001 *unknown*\*unknown* (8)
S-1-5-32-1002 *unknown*\*unknown* (8)
S-1-5-32-1003 *unknown*\*unknown* (8)
S-1-5-32-1004 *unknown*\*unknown* (8)
S-1-5-32-1005 *unknown*\*unknown* (8)
S-1-5-32-1006 *unknown*\*unknown* (8)
S-1-5-32-1007 *unknown*\*unknown* (8)
S-1-5-32-1008 *unknown*\*unknown* (8)
S-1-5-32-1009 *unknown*\*unknown* (8)
S-1-5-32-1010 *unknown*\*unknown* (8)
S-1-5-32-1011 *unknown*\*unknown* (8)
S-1-5-32-1012 *unknown*\*unknown* (8)
S-1-5-32-1013 *unknown*\*unknown* (8)
S-1-5-32-1014 *unknown*\*unknown* (8)
S-1-5-32-1015 *unknown*\*unknown* (8)
S-1-5-32-1016 *unknown*\*unknown* (8)
S-1-5-32-1017 *unknown*\*unknown* (8)
S-1-5-32-1018 *unknown*\*unknown* (8)
S-1-5-32-1019 *unknown*\*unknown* (8)
S-1-5-32-1020 *unknown*\*unknown* (8)
S-1-5-32-1021 *unknown*\*unknown* (8)
S-1-5-32-1022 *unknown*\*unknown* (8)
S-1-5-32-1023 *unknown*\*unknown* (8)
S-1-5-32-1024 *unknown*\*unknown* (8)
S-1-5-32-1025 *unknown*\*unknown* (8)
S-1-5-32-1026 *unknown*\*unknown* (8)
S-1-5-32-1027 *unknown*\*unknown* (8)
S-1-5-32-1028 *unknown*\*unknown* (8)
S-1-5-32-1029 *unknown*\*unknown* (8)
S-1-5-32-1030 *unknown*\*unknown* (8)
S-1-5-32-1031 *unknown*\*unknown* (8)
S-1-5-32-1032 *unknown*\*unknown* (8)
S-1-5-32-1033 *unknown*\*unknown* (8)
S-1-5-32-1034 *unknown*\*unknown* (8)
S-1-5-32-1035 *unknown*\*unknown* (8)
S-1-5-32-1036 *unknown*\*unknown* (8)
S-1-5-32-1037 *unknown*\*unknown* (8)
S-1-5-32-1038 *unknown*\*unknown* (8)
S-1-5-32-1039 *unknown*\*unknown* (8)
S-1-5-32-1040 *unknown*\*unknown* (8)
S-1-5-32-1041 *unknown*\*unknown* (8)
S-1-5-32-1042 *unknown*\*unknown* (8)
S-1-5-32-1043 *unknown*\*unknown* (8)
S-1-5-32-1044 *unknown*\*unknown* (8)
S-1-5-32-1045 *unknown*\*unknown* (8)
S-1-5-32-1046 *unknown*\*unknown* (8)
S-1-5-32-1047 *unknown*\*unknown* (8)
S-1-5-32-1048 *unknown*\*unknown* (8)
S-1-5-32-1049 *unknown*\*unknown* (8)
S-1-5-32-1050 *unknown*\*unknown* (8)
[+] Enumerating users using SID S-1-5-21-2007993849-1719925537-2372789573 and logon username '', password ''
S-1-5-21-2007993849-1719925537-2372789573-500 *unknown*\*unknown* (8)
S-1-5-21-2007993849-1719925537-2372789573-501 THM_EXPLOIT\nobody (Local User)
S-1-5-21-2007993849-1719925537-2372789573-502 *unknown*\*unknown* (8)
S-1-5-21-2007993849-1719925537-2372789573-503 *unknown*\*unknown* (8)
S-1-5-21-2007993849-1719925537-2372789573-504 *unknown*\*unknown* (8)
S-1-5-21-2007993849-1719925537-2372789573-505 *unknown*\*unknown* (8)
S-1-5-21-2007993849-1719925537-2372789573-506 *unknown*\*unknown* (8)
S-1-5-21-2007993849-1719925537-2372789573-507 *unknown*\*unknown* (8)
S-1-5-21-2007993849-1719925537-2372789573-508 *unknown*\*unknown* (8)
S-1-5-21-2007993849-1719925537-2372789573-509 *unknown*\*unknown* (8)
S-1-5-21-2007993849-1719925537-2372789573-510 *unknown*\*unknown* (8)
S-1-5-21-2007993849-1719925537-2372789573-511 *unknown*\*unknown* (8)
S-1-5-21-2007993849-1719925537-2372789573-512 *unknown*\*unknown* (8)
S-1-5-21-2007993849-1719925537-2372789573-513 THM_EXPLOIT\None (Domain Group)
S-1-5-21-2007993849-1719925537-2372789573-514 *unknown*\*unknown* (8)
S-1-5-21-2007993849-1719925537-2372789573-515 *unknown*\*unknown* (8)
S-1-5-21-2007993849-1719925537-2372789573-516 *unknown*\*unknown* (8)
S-1-5-21-2007993849-1719925537-2372789573-517 *unknown*\*unknown* (8)
S-1-5-21-2007993849-1719925537-2372789573-518 *unknown*\*unknown* (8)
S-1-5-21-2007993849-1719925537-2372789573-519 *unknown*\*unknown* (8)
S-1-5-21-2007993849-1719925537-2372789573-520 *unknown*\*unknown* (8)
S-1-5-21-2007993849-1719925537-2372789573-521 *unknown*\*unknown* (8)
S-1-5-21-2007993849-1719925537-2372789573-522 *unknown*\*unknown* (8)
S-1-5-21-2007993849-1719925537-2372789573-523 *unknown*\*unknown* (8)
S-1-5-21-2007993849-1719925537-2372789573-524 *unknown*\*unknown* (8)
S-1-5-21-2007993849-1719925537-2372789573-525 *unknown*\*unknown* (8)
S-1-5-21-2007993849-1719925537-2372789573-526 *unknown*\*unknown* (8)
S-1-5-21-2007993849-1719925537-2372789573-527 *unknown*\*unknown* (8)
S-1-5-21-2007993849-1719925537-2372789573-528 *unknown*\*unknown* (8)
S-1-5-21-2007993849-1719925537-2372789573-529 *unknown*\*unknown* (8)
S-1-5-21-2007993849-1719925537-2372789573-530 *unknown*\*unknown* (8)
S-1-5-21-2007993849-1719925537-2372789573-531 *unknown*\*unknown* (8)
S-1-5-21-2007993849-1719925537-2372789573-532 *unknown*\*unknown* (8)
S-1-5-21-2007993849-1719925537-2372789573-533 *unknown*\*unknown* (8)
S-1-5-21-2007993849-1719925537-2372789573-534 *unknown*\*unknown* (8)
S-1-5-21-2007993849-1719925537-2372789573-535 *unknown*\*unknown* (8)
S-1-5-21-2007993849-1719925537-2372789573-536 *unknown*\*unknown* (8)
S-1-5-21-2007993849-1719925537-2372789573-537 *unknown*\*unknown* (8)
S-1-5-21-2007993849-1719925537-2372789573-538 *unknown*\*unknown* (8)
S-1-5-21-2007993849-1719925537-2372789573-539 *unknown*\*unknown* (8)
S-1-5-21-2007993849-1719925537-2372789573-540 *unknown*\*unknown* (8)
S-1-5-21-2007993849-1719925537-2372789573-541 *unknown*\*unknown* (8)
S-1-5-21-2007993849-1719925537-2372789573-542 *unknown*\*unknown* (8)
S-1-5-21-2007993849-1719925537-2372789573-543 *unknown*\*unknown* (8)
S-1-5-21-2007993849-1719925537-2372789573-544 *unknown*\*unknown* (8)
S-1-5-21-2007993849-1719925537-2372789573-545 *unknown*\*unknown* (8)
S-1-5-21-2007993849-1719925537-2372789573-546 *unknown*\*unknown* (8)
S-1-5-21-2007993849-1719925537-2372789573-547 *unknown*\*unknown* (8)
S-1-5-21-2007993849-1719925537-2372789573-548 *unknown*\*unknown* (8)
S-1-5-21-2007993849-1719925537-2372789573-549 *unknown*\*unknown* (8)
S-1-5-21-2007993849-1719925537-2372789573-550 *unknown*\*unknown* (8)
S-1-5-21-2007993849-1719925537-2372789573-1000 *unknown*\*unknown* (8)
S-1-5-21-2007993849-1719925537-2372789573-1001 *unknown*\*unknown* (8)
S-1-5-21-2007993849-1719925537-2372789573-1002 *unknown*\*unknown* (8)
S-1-5-21-2007993849-1719925537-2372789573-1003 *unknown*\*unknown* (8)
S-1-5-21-2007993849-1719925537-2372789573-1004 *unknown*\*unknown* (8)
S-1-5-21-2007993849-1719925537-2372789573-1005 *unknown*\*unknown* (8)
S-1-5-21-2007993849-1719925537-2372789573-1006 *unknown*\*unknown* (8)
S-1-5-21-2007993849-1719925537-2372789573-1007 *unknown*\*unknown* (8)
S-1-5-21-2007993849-1719925537-2372789573-1008 *unknown*\*unknown* (8)
S-1-5-21-2007993849-1719925537-2372789573-1009 *unknown*\*unknown* (8)
S-1-5-21-2007993849-1719925537-2372789573-1010 *unknown*\*unknown* (8)
S-1-5-21-2007993849-1719925537-2372789573-1011 *unknown*\*unknown* (8)
S-1-5-21-2007993849-1719925537-2372789573-1012 *unknown*\*unknown* (8)
S-1-5-21-2007993849-1719925537-2372789573-1013 *unknown*\*unknown* (8)
S-1-5-21-2007993849-1719925537-2372789573-1014 *unknown*\*unknown* (8)
S-1-5-21-2007993849-1719925537-2372789573-1015 *unknown*\*unknown* (8)
S-1-5-21-2007993849-1719925537-2372789573-1016 *unknown*\*unknown* (8)
S-1-5-21-2007993849-1719925537-2372789573-1017 *unknown*\*unknown* (8)
S-1-5-21-2007993849-1719925537-2372789573-1018 *unknown*\*unknown* (8)
S-1-5-21-2007993849-1719925537-2372789573-1019 *unknown*\*unknown* (8)
S-1-5-21-2007993849-1719925537-2372789573-1020 *unknown*\*unknown* (8)
S-1-5-21-2007993849-1719925537-2372789573-1021 *unknown*\*unknown* (8)
S-1-5-21-2007993849-1719925537-2372789573-1022 *unknown*\*unknown* (8)
S-1-5-21-2007993849-1719925537-2372789573-1023 *unknown*\*unknown* (8)
S-1-5-21-2007993849-1719925537-2372789573-1024 *unknown*\*unknown* (8)
S-1-5-21-2007993849-1719925537-2372789573-1025 *unknown*\*unknown* (8)
S-1-5-21-2007993849-1719925537-2372789573-1026 *unknown*\*unknown* (8)
S-1-5-21-2007993849-1719925537-2372789573-1027 *unknown*\*unknown* (8)
S-1-5-21-2007993849-1719925537-2372789573-1028 *unknown*\*unknown* (8)
S-1-5-21-2007993849-1719925537-2372789573-1029 *unknown*\*unknown* (8)
S-1-5-21-2007993849-1719925537-2372789573-1030 *unknown*\*unknown* (8)
S-1-5-21-2007993849-1719925537-2372789573-1031 *unknown*\*unknown* (8)
S-1-5-21-2007993849-1719925537-2372789573-1032 *unknown*\*unknown* (8)
S-1-5-21-2007993849-1719925537-2372789573-1033 *unknown*\*unknown* (8)
S-1-5-21-2007993849-1719925537-2372789573-1034 *unknown*\*unknown* (8)
S-1-5-21-2007993849-1719925537-2372789573-1035 *unknown*\*unknown* (8)
S-1-5-21-2007993849-1719925537-2372789573-1036 *unknown*\*unknown* (8)
S-1-5-21-2007993849-1719925537-2372789573-1037 *unknown*\*unknown* (8)
S-1-5-21-2007993849-1719925537-2372789573-1038 *unknown*\*unknown* (8)
S-1-5-21-2007993849-1719925537-2372789573-1039 *unknown*\*unknown* (8)
S-1-5-21-2007993849-1719925537-2372789573-1040 *unknown*\*unknown* (8)
S-1-5-21-2007993849-1719925537-2372789573-1041 *unknown*\*unknown* (8)
S-1-5-21-2007993849-1719925537-2372789573-1042 *unknown*\*unknown* (8)
S-1-5-21-2007993849-1719925537-2372789573-1043 *unknown*\*unknown* (8)
S-1-5-21-2007993849-1719925537-2372789573-1044 *unknown*\*unknown* (8)
S-1-5-21-2007993849-1719925537-2372789573-1045 *unknown*\*unknown* (8)
S-1-5-21-2007993849-1719925537-2372789573-1046 *unknown*\*unknown* (8)
S-1-5-21-2007993849-1719925537-2372789573-1047 *unknown*\*unknown* (8)
S-1-5-21-2007993849-1719925537-2372789573-1048 *unknown*\*unknown* (8)
S-1-5-21-2007993849-1719925537-2372789573-1049 *unknown*\*unknown* (8)
S-1-5-21-2007993849-1719925537-2372789573-1050 *unknown*\*unknown* (8)

 ============================================= 
|    Getting printer info for 10.10.123.44    |
 ============================================= 
No printers returned.


enum4linux complete on Sat Aug  7 13:34:38 2021

