===============================================================
Gobuster v3.1.0
by OJ Reeves (@TheColonial) & Christian Mehlmauer (@firefart)
===============================================================
[+] Url:                     http://10.10.242.14/
[+] Method:                  GET
[+] Threads:                 70
[+] Wordlist:                /usr/share/wordlists/dirb/common.txt
[+] Negative Status codes:   404
[+] User Agent:              gobuster/3.1.0
[+] Extensions:              html,txt,js,css,php
[+] Timeout:                 10s
===============================================================
2021/07/21 12:02:35 Starting gobuster in directory enumeration mode
===============================================================
/.git/HEAD            (Status: 200) [Size: 23]
/css                  (Status: 301) [Size: 194] [--> http://10.10.242.14/css/]
/dashboard.html       (Status: 200) [Size: 3775]                              
/index.html           (Status: 200) [Size: 6890]                              
/index.html           (Status: 200) [Size: 6890]                              
